<?xml version="1.0" encoding="UTF-8"?>
<!-- Generated by org.testng.reporters.JUnitXMLReporter -->
<testsuite hostname="DESKTOP-OAVT275" ignored="2" name="Test" tests="8" failures="0" timestamp="2020-06-07T23:45:34 EDT" time="16.004" errors="0">
  <testcase name="OSALogoTest" time="0.161" classname="com.osa.TestNG_Basic"/>
  <testcase name="carloan" time="0.003" classname="com.osa.TestNG_SecondPage"/>
  <testcase name="bussinesloan" time="0.002" classname="com.osa.TestNG_SecondPage"/>
  <testcase name="bikeloan" time="0.003" classname="com.osa.TestNG_SecondPage"/>
  <testcase name="homeloan" time="0.004" classname="com.osa.TestNG_SecondPage"/>
  <testcase name="motorloan" time="0.002" classname="com.osa.TestNG_SecondPage"/>
  <testcase name="facebookTitleTest" time="0.013" classname="com.osa.TestNG_Demo"/>
  <testcase name="facebookURLTest" time="0.008" classname="com.osa.TestNG_Demo"/>
  <testcase name="OSATitleTest" time="0.0" classname="com.osa.TestNG_Basic">
    <ignored/>
  </testcase> <!-- OSATitleTest -->
  <testcase name="test" time="0.0" classname="com.osa.TestNG_FirstPage">
    <ignored/>
  </testcase> <!-- test -->
</testsuite> <!-- Test -->
