<?xml version="1.0" encoding="UTF-8"?>
<!-- Generated by org.testng.reporters.JUnitXMLReporter -->
<testsuite hostname="DESKTOP-OAVT275" ignored="0" name="Test" tests="10" failures="0" timestamp="2020-06-07T23:33:55 EDT" time="36.383" errors="0">
  <testcase name="test" time="0.021" classname="com.osa.TestNG_FirstPage"/>
  <testcase name="OSALogoTest" time="0.169" classname="com.osa.TestNG_Basic"/>
  <testcase name="OSATitleTest" time="0.06" classname="com.osa.TestNG_Basic"/>
  <testcase name="carloan" time="0.002" classname="com.osa.TestNG_SecondPage"/>
  <testcase name="bussinesloan" time="0.002" classname="com.osa.TestNG_SecondPage"/>
  <testcase name="bikeloan" time="0.004" classname="com.osa.TestNG_SecondPage"/>
  <testcase name="homeloan" time="0.002" classname="com.osa.TestNG_SecondPage"/>
  <testcase name="motorloan" time="0.002" classname="com.osa.TestNG_SecondPage"/>
  <testcase name="facebookTitleTest" time="0.002" classname="com.osa.TestNG_Demo"/>
  <testcase name="facebookURLTest" time="0.005" classname="com.osa.TestNG_Demo"/>
</testsuite> <!-- Test -->
