<?xml version="1.0" encoding="UTF-8"?>
<testng-results skipped="0" failed="0" ignored="0" total="1" passed="1">
  <reporter-output>
  </reporter-output>
  <suite name="Default suite" duration-ms="40344" started-at="2020-08-01T22:36:33 EDT" finished-at="2020-08-01T22:37:13 EDT">
    <groups>
    </groups>
    <test name="Default test" duration-ms="40344" started-at="2020-08-01T22:36:33 EDT" finished-at="2020-08-01T22:37:13 EDT">
      <class name="com.test.Excel_Read">
        <test-method status="PASS" signature="excelRead()[pri:0, instance:com.test.Excel_Read@2a17b7b6]" name="excelRead" duration-ms="40257" started-at="2020-08-01T22:36:33 EDT" finished-at="2020-08-01T22:37:13 EDT">
          <reporter-output>
          </reporter-output>
        </test-method> <!-- excelRead -->
      </class> <!-- com.test.Excel_Read -->
    </test> <!-- Default test -->
  </suite> <!-- Default suite -->
</testng-results>
