<?xml version="1.0" encoding="UTF-8"?>
<!-- Generated by org.testng.reporters.JUnitXMLReporter -->
<testsuite hostname="DESKTOP-OAVT275" ignored="0" name="Parameter Test" tests="3" failures="0" timestamp="2020-06-09T00:02:19 EDT" time="52.303" errors="0">
  <testcase name="OSATitleTest" time="0.048" classname="com.osa.TestNG_Basic"/>
  <testcase name="OSALogoTest" time="0.147" classname="com.osa.TestNG_Basic"/>
  <testcase name="ForumLogingTest" time="4.22" classname="com.osa.TestNG_Basic"/>
</testsuite> <!-- Parameter Test -->
